searching functions execution time includes log of output, sorting does print out any output
--
searchStraightIncludes: 12.769 ms 
searchStraightIncludes: 12.713 ms 
searchStraightIncludes: 11.778 ms 
-
searchStraight: 18.508 ms 
searchStraight: 18.359 ms 
searchStraight: 17.926 ms 
---------
quickSort: 3.343 ms (only sorting mock_data)
quickSort: 3.061 ms (only sorting mock_data)
quickSort: 3.151 ms (only sorting mock_data)
-
mergeSort: 4.002 ms (only sorting mock_data)
mergeSort: 4.047 ms (only sorting mock_data)
mergeSort: 3.906 ms (only sorting mock_data)
-
jsSort: 13.069 ms (only sorting mock_data)
jsSort: 14.326 ms (only sorting mock_data)
jsSort: 12.995 ms (only sorting mock_data)
---------
binarySkuSearch: 21.191 ms (quick sorting method)
binarySkuSearch: 21.599 ms (quick sorting method)
binarySkuSearch: 21.592 ms (quick sorting method)
-
binarySkuSearch: 21.830 ms (merge sorting method)
binarySkuSearch: 22.054 ms (merge sorting method)
binarySkuSearch: 22.119 ms (merge sorting method)
-
binarySkuSearch: 30.090 ms (js sorting method)
binarySkuSearch: 29.345 ms (js sorting method)
binarySkuSearch: 29.772 ms (js sorting method)

